18:23:40.004 [AsyncHttpClient-1-2] DEBUG io.netty.util.Recycler - -Dio.netty.recycler.ratio: 8
18:23:40.006 [AsyncHttpClient-1-2] DEBUG io.netty.util.Recycler - -Dio.netty.recycler.delayedQueue.ratio: 8
18:23:40.805 [AsyncHttpClient-1-2] DEBUG io.netty.handler.codec.compression.Brotli - brotli4j not in the classpath; Brotli support will be unavailable.
18:23:40.895 [main] DEBUG io.netty.util.internal.ThreadLocalRandom - -Dio.netty.initialSeedUniquifier: 0x6d39e076e9debc7c
18:23:41.057 [main] INFO  com.mindtree.Runner.hybridRunner - driver intialised
18:23:44.880 [main] INFO  com.mindtree.Runner.hybridRunner - URL HomePage opened
18:23:49.806 [AsyncHttpClient-1-4] TRACE io.netty.handler.codec.http.websocketx.WebSocket08FrameEncoder - Encoding WebSocket Frame opCode=8 length=26
18:23:51.924 [main] INFO  com.mindtree.Runner.hybridRunner - driver intialised
18:23:56.451 [main] INFO  com.mindtree.Runner.hybridRunner - URL HomePage opened
18:23:56.451 [main] INFO  com.mindtree.Runner.hybridRunner - geting total links on HomePage
18:23:56.502 [AsyncHttpClient-1-7] TRACE io.netty.handler.codec.http.websocketx.WebSocket08FrameEncoder - Encoding WebSocket Frame opCode=8 length=26
18:23:58.544 [main] INFO  com.mindtree.Runner.hybridRunner - driver intialised
18:24:02.635 [main] INFO  com.mindtree.Runner.hybridRunner - URL HomePage opened
18:24:07.433 [AsyncHttpClient-1-10] TRACE io.netty.handler.codec.http.websocketx.WebSocket08FrameEncoder - Encoding WebSocket Frame opCode=8 length=26
18:24:09.511 [main] INFO  com.mindtree.Runner.hybridRunner - driver intialised
18:24:13.317 [main] INFO  com.mindtree.Runner.hybridRunner - URL HomePage opened
18:24:17.730 [AsyncHttpClient-1-13] TRACE io.netty.handler.codec.http.websocketx.WebSocket08FrameEncoder - Encoding WebSocket Frame opCode=8 length=26
18:24:19.721 [main] INFO  com.mindtree.Runner.hybridRunner - driver intialised
18:24:23.269 [main] INFO  com.mindtree.Runner.hybridRunner - URL HomePage opened
18:24:26.346 [AsyncHttpClient-1-4] TRACE io.netty.handler.codec.http.websocketx.WebSocket08FrameEncoder - Encoding WebSocket Frame opCode=8 length=26
